<?xml version="1.0" encoding="UTF-8"?>
<!-- Generated by org.testng.reporters.JUnitReportReporter -->
<testsuite hostname="alinapious" failures="0" tests="4" name="testPackage.AttributeTest" time="61.687" errors="0" timestamp="2025-03-17T10:51:06 IST" skipped="0">
  <testcase classname="testPackage.AttributeTest" name="moveToOrganisationPage" time="19.552">
    <system-out>
      <![CDATA[moveToOrganisationPage test case executed]]>
    </system-out>
  </testcase> <!-- moveToOrganisationPage -->
  <testcase classname="testPackage.AttributeTest" name="moveToContactsPage" time="11.527">
    <system-out>
      <![CDATA[moveToContactsPage test case executed]]>
    </system-out>
  </testcase> <!-- moveToContactsPage -->
  <testcase classname="testPackage.AttributeTest" name="moveToCalendarPage" time="16.469">
    <system-out>
      <![CDATA[moveToCalendarPage test case executed]]>
    </system-out>
  </testcase> <!-- moveToCalendarPage -->
  <testcase classname="testPackage.AttributeTest" name="moveToLeadsPage" time="14.139">
    <system-out>
      <![CDATA[moveToLeadsPage test case executed]]>
    </system-out>
  </testcase> <!-- moveToLeadsPage -->
  <system-out>
    <![CDATA[----Execution Started-----
contactDetails test case executed
contactDetails test case executed
contactDetails test case executed
printData test case executed
printData test case executed
printData test case executed
printData test case executed
moveToContactsPage test case executed
moveToLeadsPage test case executed
createLead test case executed
moveToCalendarPage test case executed
moveToContactsPage test case executed
moveToLeadsPage test case executed
moveToOrganisationPage test case executed
createcontact test case executed
createcontact test case executed
createcontact test case executed
verify test case executed
printData test case executed
printData test case executed
printData test case executed
printData test case executed
createOrganisation test case executed]]>
  </system-out>
</testsuite> <!-- testPackage.AttributeTest -->
