<?xml version="1.0" encoding="UTF-8"?>
<!-- Generated by org.testng.reporters.JUnitReportReporter -->
<testsuite hostname="alinapious" failures="0" tests="3" name="testPackage.ContactsTest" time="69.367" errors="0" timestamp="2025-03-17T10:51:06 IST" skipped="0">
  <testcase classname="testPackage.ContactsTest" name="createcontact" time="27.842">
    <system-out>
      <![CDATA[createcontact test case executed]]>
    </system-out>
  </testcase> <!-- createcontact -->
  <testcase classname="testPackage.ContactsTest" name="createcontact" time="18.876">
    <system-out>
      <![CDATA[createcontact test case executed]]>
    </system-out>
  </testcase> <!-- createcontact -->
  <testcase classname="testPackage.ContactsTest" name="createcontact" time="22.649">
    <system-out>
      <![CDATA[createcontact test case executed]]>
    </system-out>
  </testcase> <!-- createcontact -->
  <system-out>
    <![CDATA[----Execution Started-----
contactDetails test case executed
contactDetails test case executed
contactDetails test case executed
printData test case executed
printData test case executed
printData test case executed
printData test case executed
moveToContactsPage test case executed
moveToLeadsPage test case executed
createLead test case executed
moveToCalendarPage test case executed
moveToContactsPage test case executed
moveToLeadsPage test case executed
moveToOrganisationPage test case executed
createcontact test case executed
createcontact test case executed
createcontact test case executed
verify test case executed
printData test case executed
printData test case executed
printData test case executed
printData test case executed
createOrganisation test case executed]]>
  </system-out>
</testsuite> <!-- testPackage.ContactsTest -->
