<?xml version="1.0" encoding="UTF-8"?>
<!-- Generated by org.testng.reporters.JUnitReportReporter -->
<testsuite hostname="alinapious" failures="0" tests="3" name="testPackage.VerificationClass" time="0.060" errors="0" timestamp="2025-03-17T14:14:25 IST" skipped="0">
  <testcase classname="testPackage.VerificationClass" name="verify" time="0.020"/>
  <testcase classname="testPackage.VerificationClass" name="verify" time="0.020"/>
  <testcase classname="testPackage.VerificationClass" name="verify" time="0.020"/>
</testsuite> <!-- testPackage.VerificationClass -->
